2019-07-06 16:09:58 [Thread-93] INFO  [org.springframework.scheduling.concurrent.ThreadPoolTaskScheduler] - Shutting down ExecutorService 'taskScheduler'
2019-07-06 16:09:58 [Thread-93] INFO  [org.springframework.scheduling.concurrent.ThreadPoolTaskExecutor] - Shutting down ExecutorService 'applicationTaskExecutor'
2019-07-06 16:09:59 [restartedMain] INFO  [org.springframework.boot.devtools.env.DevToolsPropertyDefaultsPostProcessor] - Devtools property defaults active! Set 'spring.devtools.add-properties' to 'false' to disable
2019-07-06 16:09:59 [restartedMain] INFO  [org.springframework.boot.devtools.env.DevToolsPropertyDefaultsPostProcessor] - For additional web related logging consider setting the 'logging.level.web' property to 'DEBUG'
2019-07-06 16:09:59 [restartedMain] INFO  [com.cs.personer.PersonerApplication] - Starting PersonerApplication on Jack with PID 9368 (C:\WorkSpace\Java\personer\target\classes started by Jack in C:\WorkSpace\Java\personer)
2019-07-06 16:09:59 [restartedMain] DEBUG [com.cs.personer.PersonerApplication] - Running with Spring Boot v2.1.6.RELEASE, Spring v5.1.8.RELEASE
2019-07-06 16:09:59 [restartedMain] INFO  [com.cs.personer.PersonerApplication] - No active profile set, falling back to default profiles: default
2019-07-06 16:09:59 [restartedMain] INFO  [org.springframework.boot.web.embedded.tomcat.TomcatWebServer] - Tomcat initialized with port(s): 7771 (http)
2019-07-06 16:09:59 [restartedMain] INFO  [org.springframework.web.context.ContextLoader] - Root WebApplicationContext: initialization completed in 334 ms
2019-07-06 16:09:59 [restartedMain] DEBUG [com.cs.personer.config.ReplaceStreamFilter] - Filter 'replaceStreamFilter' configured for use
2019-07-06 16:09:59 [restartedMain] INFO  [org.springframework.scheduling.concurrent.ThreadPoolTaskExecutor] - Initializing ExecutorService 'applicationTaskExecutor'
2019-07-06 16:09:59 [restartedMain] WARN  [org.springframework.boot.autoconfigure.freemarker.FreeMarkerAutoConfiguration] - Cannot find template location(s): [classpath:/templates/] (please add some templates, check your FreeMarker configuration, or set spring.freemarker.checkTemplateLocation=false)
2019-07-06 16:09:59 [restartedMain] INFO  [org.springframework.scheduling.concurrent.ThreadPoolTaskScheduler] - Initializing ExecutorService 'taskScheduler'
2019-07-06 16:09:59 [restartedMain] INFO  [org.springframework.boot.devtools.autoconfigure.OptionalLiveReloadServer] - LiveReload server is running on port 35729
2019-07-06 16:09:59 [restartedMain] INFO  [org.springframework.boot.web.embedded.tomcat.TomcatWebServer] - Tomcat started on port(s): 7771 (http) with context path ''
2019-07-06 16:09:59 [restartedMain] INFO  [com.cs.personer.PersonerApplication] - Started PersonerApplication in 0.694 seconds (JVM running for 4763.945)
2019-07-06 16:09:59 [restartedMain] INFO  [org.springframework.boot.devtools.autoconfigure.ConditionEvaluationDeltaLoggingListener] - Condition evaluation unchanged
2019-07-06 16:16:33 [background-preinit] INFO  [org.hibernate.validator.internal.util.Version] - HV000001: Hibernate Validator 6.0.17.Final
2019-07-06 16:16:33 [restartedMain] INFO  [com.cs.personer.PersonerApplication] - Starting PersonerApplication on Jack with PID 12984 (C:\WorkSpace\Java\personer\target\classes started by Jack in C:\WorkSpace\Java\personer)
2019-07-06 16:16:33 [restartedMain] DEBUG [com.cs.personer.PersonerApplication] - Running with Spring Boot v2.1.6.RELEASE, Spring v5.1.8.RELEASE
2019-07-06 16:16:33 [restartedMain] INFO  [com.cs.personer.PersonerApplication] - No active profile set, falling back to default profiles: default
2019-07-06 16:16:33 [restartedMain] INFO  [org.springframework.boot.devtools.env.DevToolsPropertyDefaultsPostProcessor] - Devtools property defaults active! Set 'spring.devtools.add-properties' to 'false' to disable
2019-07-06 16:16:33 [restartedMain] INFO  [org.springframework.boot.devtools.env.DevToolsPropertyDefaultsPostProcessor] - For additional web related logging consider setting the 'logging.level.web' property to 'DEBUG'
2019-07-06 16:16:34 [restartedMain] INFO  [org.springframework.boot.web.embedded.tomcat.TomcatWebServer] - Tomcat initialized with port(s): 7771 (http)
2019-07-06 16:16:34 [restartedMain] INFO  [org.springframework.web.context.ContextLoader] - Root WebApplicationContext: initialization completed in 1418 ms
2019-07-06 16:16:34 [restartedMain] DEBUG [com.cs.personer.config.ReplaceStreamFilter] - Filter 'replaceStreamFilter' configured for use
2019-07-06 16:16:35 [restartedMain] INFO  [org.springframework.scheduling.concurrent.ThreadPoolTaskExecutor] - Initializing ExecutorService 'applicationTaskExecutor'
2019-07-06 16:16:35 [restartedMain] WARN  [org.springframework.boot.autoconfigure.freemarker.FreeMarkerAutoConfiguration] - Cannot find template location(s): [classpath:/templates/] (please add some templates, check your FreeMarker configuration, or set spring.freemarker.checkTemplateLocation=false)
2019-07-06 16:16:35 [restartedMain] INFO  [org.springframework.scheduling.concurrent.ThreadPoolTaskScheduler] - Initializing ExecutorService 'taskScheduler'
2019-07-06 16:16:35 [restartedMain] INFO  [org.springframework.boot.devtools.autoconfigure.OptionalLiveReloadServer] - LiveReload server is running on port 35729
2019-07-06 16:16:35 [restartedMain] INFO  [org.springframework.boot.web.embedded.tomcat.TomcatWebServer] - Tomcat started on port(s): 7771 (http) with context path ''
2019-07-06 16:16:35 [restartedMain] INFO  [com.cs.personer.PersonerApplication] - Started PersonerApplication in 2.406 seconds (JVM running for 3.389)
2019-07-06 21:17:29 [main] INFO  [org.springframework.boot.test.context.SpringBootTestContextBootstrapper] - Neither @ContextConfiguration nor @ContextHierarchy found for test class [com.cs.personer.PersonerApplicationTests], using SpringBootContextLoader
2019-07-06 21:17:29 [main] INFO  [org.springframework.test.context.support.AbstractContextLoader] - Could not detect default resource locations for test class [com.cs.personer.PersonerApplicationTests]: no resource found for suffixes {-context.xml, Context.groovy}.
2019-07-06 21:17:29 [main] INFO  [org.springframework.test.context.support.AnnotationConfigContextLoaderUtils] - Could not detect default configuration classes for test class [com.cs.personer.PersonerApplicationTests]: PersonerApplicationTests does not declare any static, non-private, non-final, nested classes annotated with @Configuration.
2019-07-06 21:17:30 [main] INFO  [org.springframework.boot.test.context.SpringBootTestContextBootstrapper] - Found @SpringBootConfiguration com.cs.personer.PersonerApplication for test class com.cs.personer.PersonerApplicationTests
2019-07-06 21:17:30 [main] INFO  [org.springframework.boot.test.context.SpringBootTestContextBootstrapper] - Loaded default TestExecutionListener class names from location [META-INF/spring.factories]: [org.springframework.boot.test.mock.mockito.MockitoTestExecutionListener, org.springframework.boot.test.mock.mockito.ResetMocksTestExecutionListener, org.springframework.boot.test.autoconfigure.restdocs.RestDocsTestExecutionListener, org.springframework.boot.test.autoconfigure.web.client.MockRestServiceServerResetTestExecutionListener, org.springframework.boot.test.autoconfigure.web.servlet.MockMvcPrintOnlyOnFailureTestExecutionListener, org.springframework.boot.test.autoconfigure.web.servlet.WebDriverTestExecutionListener, org.springframework.test.context.web.ServletTestExecutionListener, org.springframework.test.context.support.DirtiesContextBeforeModesTestExecutionListener, org.springframework.test.context.support.DependencyInjectionTestExecutionListener, org.springframework.test.context.support.DirtiesContextTestExecutionListener, org.springframework.test.context.transaction.TransactionalTestExecutionListener, org.springframework.test.context.jdbc.SqlScriptsTestExecutionListener]
2019-07-06 21:17:30 [main] INFO  [org.springframework.boot.test.context.SpringBootTestContextBootstrapper] - Using TestExecutionListeners: [org.springframework.test.context.web.ServletTestExecutionListener@1130520d, org.springframework.test.context.support.DirtiesContextBeforeModesTestExecutionListener@5f77d0f9, org.springframework.boot.test.mock.mockito.MockitoTestExecutionListener@463fd068, org.springframework.boot.test.autoconfigure.SpringBootDependencyInjectionTestExecutionListener@895e367, org.springframework.test.context.support.DirtiesContextTestExecutionListener@1b266842, org.springframework.test.context.transaction.TransactionalTestExecutionListener@7a3793c7, org.springframework.test.context.jdbc.SqlScriptsTestExecutionListener@42b3b079, org.springframework.boot.test.mock.mockito.ResetMocksTestExecutionListener@651aed93, org.springframework.boot.test.autoconfigure.restdocs.RestDocsTestExecutionListener@4dd6fd0a, org.springframework.boot.test.autoconfigure.web.client.MockRestServiceServerResetTestExecutionListener@bb9e6dc, org.springframework.boot.test.autoconfigure.web.servlet.MockMvcPrintOnlyOnFailureTestExecutionListener@5456afaa, org.springframework.boot.test.autoconfigure.web.servlet.WebDriverTestExecutionListener@6692b6c6]
2019-07-06 21:17:30 [background-preinit] INFO  [org.hibernate.validator.internal.util.Version] - HV000001: Hibernate Validator 6.0.17.Final
2019-07-06 21:17:30 [main] INFO  [com.cs.personer.PersonerApplicationTests] - Starting PersonerApplicationTests on Jack with PID 2408 (started by Jack in C:\WorkSpace\Java\personer)
2019-07-06 21:17:30 [main] DEBUG [com.cs.personer.PersonerApplicationTests] - Running with Spring Boot v2.1.6.RELEASE, Spring v5.1.8.RELEASE
2019-07-06 21:17:30 [main] INFO  [com.cs.personer.PersonerApplicationTests] - No active profile set, falling back to default profiles: default
2019-07-06 21:17:31 [main] INFO  [org.springframework.data.repository.config.RepositoryConfigurationDelegate] - Multiple Spring Data modules found, entering strict repository configuration mode!
2019-07-06 21:17:31 [main] INFO  [org.springframework.data.repository.config.RepositoryConfigurationDelegate] - Bootstrapping Spring Data repositories in DEFAULT mode.
2019-07-06 21:17:31 [main] INFO  [org.springframework.data.repository.config.RepositoryConfigurationDelegate] - Finished Spring Data repository scanning in 32ms. Found 0 repository interfaces.
2019-07-06 21:17:32 [main] INFO  [org.springframework.context.support.PostProcessorRegistrationDelegate$BeanPostProcessorChecker] - Bean 'org.springframework.transaction.annotation.ProxyTransactionManagementConfiguration' of type [org.springframework.transaction.annotation.ProxyTransactionManagementConfiguration$$EnhancerBySpringCGLIB$$fdce8155] is not eligible for getting processed by all BeanPostProcessors (for example: not eligible for auto-proxying)
2019-07-06 21:17:33 [main] INFO  [org.springframework.scheduling.concurrent.ThreadPoolTaskExecutor] - Initializing ExecutorService 'applicationTaskExecutor'
2019-07-06 21:17:34 [main] WARN  [org.springframework.boot.autoconfigure.freemarker.FreeMarkerAutoConfiguration] - Cannot find template location(s): [classpath:/templates/] (please add some templates, check your FreeMarker configuration, or set spring.freemarker.checkTemplateLocation=false)
2019-07-06 21:17:34 [main] INFO  [org.springframework.scheduling.concurrent.ThreadPoolTaskScheduler] - Initializing ExecutorService 'taskScheduler'
2019-07-06 21:17:34 [main] INFO  [com.cs.personer.PersonerApplicationTests] - Started PersonerApplicationTests in 4.43 seconds (JVM running for 5.786)
2019-07-06 21:17:35 [main] INFO  [io.lettuce.core.EpollProvider] - Starting without optional epoll library
2019-07-06 21:17:35 [main] INFO  [io.lettuce.core.KqueueProvider] - Starting without optional kqueue library
2019-07-06 21:17:42 [Thread-2] INFO  [org.springframework.scheduling.concurrent.ThreadPoolTaskScheduler] - Shutting down ExecutorService 'taskScheduler'
2019-07-06 21:17:42 [Thread-2] INFO  [org.springframework.scheduling.concurrent.ThreadPoolTaskExecutor] - Shutting down ExecutorService 'applicationTaskExecutor'
2019-07-06 21:19:18 [main] INFO  [org.springframework.boot.test.context.SpringBootTestContextBootstrapper] - Neither @ContextConfiguration nor @ContextHierarchy found for test class [com.cs.personer.PersonerApplicationTests], using SpringBootContextLoader
2019-07-06 21:19:18 [main] INFO  [org.springframework.test.context.support.AbstractContextLoader] - Could not detect default resource locations for test class [com.cs.personer.PersonerApplicationTests]: no resource found for suffixes {-context.xml, Context.groovy}.
2019-07-06 21:19:18 [main] INFO  [org.springframework.test.context.support.AnnotationConfigContextLoaderUtils] - Could not detect default configuration classes for test class [com.cs.personer.PersonerApplicationTests]: PersonerApplicationTests does not declare any static, non-private, non-final, nested classes annotated with @Configuration.
2019-07-06 21:19:18 [main] INFO  [org.springframework.boot.test.context.SpringBootTestContextBootstrapper] - Found @SpringBootConfiguration com.cs.personer.PersonerApplication for test class com.cs.personer.PersonerApplicationTests
2019-07-06 21:19:18 [main] INFO  [org.springframework.boot.test.context.SpringBootTestContextBootstrapper] - Loaded default TestExecutionListener class names from location [META-INF/spring.factories]: [org.springframework.boot.test.mock.mockito.MockitoTestExecutionListener, org.springframework.boot.test.mock.mockito.ResetMocksTestExecutionListener, org.springframework.boot.test.autoconfigure.restdocs.RestDocsTestExecutionListener, org.springframework.boot.test.autoconfigure.web.client.MockRestServiceServerResetTestExecutionListener, org.springframework.boot.test.autoconfigure.web.servlet.MockMvcPrintOnlyOnFailureTestExecutionListener, org.springframework.boot.test.autoconfigure.web.servlet.WebDriverTestExecutionListener, org.springframework.test.context.web.ServletTestExecutionListener, org.springframework.test.context.support.DirtiesContextBeforeModesTestExecutionListener, org.springframework.test.context.support.DependencyInjectionTestExecutionListener, org.springframework.test.context.support.DirtiesContextTestExecutionListener, org.springframework.test.context.transaction.TransactionalTestExecutionListener, org.springframework.test.context.jdbc.SqlScriptsTestExecutionListener]
2019-07-06 21:19:18 [main] INFO  [org.springframework.boot.test.context.SpringBootTestContextBootstrapper] - Using TestExecutionListeners: [org.springframework.test.context.web.ServletTestExecutionListener@1130520d, org.springframework.test.context.support.DirtiesContextBeforeModesTestExecutionListener@5f77d0f9, org.springframework.boot.test.mock.mockito.MockitoTestExecutionListener@463fd068, org.springframework.boot.test.autoconfigure.SpringBootDependencyInjectionTestExecutionListener@895e367, org.springframework.test.context.support.DirtiesContextTestExecutionListener@1b266842, org.springframework.test.context.transaction.TransactionalTestExecutionListener@7a3793c7, org.springframework.test.context.jdbc.SqlScriptsTestExecutionListener@42b3b079, org.springframework.boot.test.mock.mockito.ResetMocksTestExecutionListener@651aed93, org.springframework.boot.test.autoconfigure.restdocs.RestDocsTestExecutionListener@4dd6fd0a, org.springframework.boot.test.autoconfigure.web.client.MockRestServiceServerResetTestExecutionListener@bb9e6dc, org.springframework.boot.test.autoconfigure.web.servlet.MockMvcPrintOnlyOnFailureTestExecutionListener@5456afaa, org.springframework.boot.test.autoconfigure.web.servlet.WebDriverTestExecutionListener@6692b6c6]
2019-07-06 21:19:18 [background-preinit] INFO  [org.hibernate.validator.internal.util.Version] - HV000001: Hibernate Validator 6.0.17.Final
2019-07-06 21:19:19 [main] INFO  [com.cs.personer.PersonerApplicationTests] - Starting PersonerApplicationTests on Jack with PID 11928 (started by Jack in C:\WorkSpace\Java\personer)
2019-07-06 21:19:19 [main] DEBUG [com.cs.personer.PersonerApplicationTests] - Running with Spring Boot v2.1.6.RELEASE, Spring v5.1.8.RELEASE
2019-07-06 21:19:19 [main] INFO  [com.cs.personer.PersonerApplicationTests] - No active profile set, falling back to default profiles: default
2019-07-06 21:19:20 [main] INFO  [org.springframework.data.repository.config.RepositoryConfigurationDelegate] - Multiple Spring Data modules found, entering strict repository configuration mode!
2019-07-06 21:19:20 [main] INFO  [org.springframework.data.repository.config.RepositoryConfigurationDelegate] - Bootstrapping Spring Data repositories in DEFAULT mode.
2019-07-06 21:19:20 [main] INFO  [org.springframework.data.repository.config.RepositoryConfigurationDelegate] - Finished Spring Data repository scanning in 15ms. Found 0 repository interfaces.
2019-07-06 21:19:20 [main] INFO  [org.springframework.context.support.PostProcessorRegistrationDelegate$BeanPostProcessorChecker] - Bean 'org.springframework.transaction.annotation.ProxyTransactionManagementConfiguration' of type [org.springframework.transaction.annotation.ProxyTransactionManagementConfiguration$$EnhancerBySpringCGLIB$$a5def9a7] is not eligible for getting processed by all BeanPostProcessors (for example: not eligible for auto-proxying)
2019-07-06 21:19:22 [main] INFO  [org.springframework.scheduling.concurrent.ThreadPoolTaskExecutor] - Initializing ExecutorService 'applicationTaskExecutor'
2019-07-06 21:19:22 [main] WARN  [org.springframework.boot.autoconfigure.freemarker.FreeMarkerAutoConfiguration] - Cannot find template location(s): [classpath:/templates/] (please add some templates, check your FreeMarker configuration, or set spring.freemarker.checkTemplateLocation=false)
2019-07-06 21:19:22 [main] INFO  [org.springframework.scheduling.concurrent.ThreadPoolTaskScheduler] - Initializing ExecutorService 'taskScheduler'
2019-07-06 21:19:22 [main] INFO  [com.cs.personer.PersonerApplicationTests] - Started PersonerApplicationTests in 4.196 seconds (JVM running for 5.242)
2019-07-06 21:19:23 [main] INFO  [io.lettuce.core.EpollProvider] - Starting without optional epoll library
2019-07-06 21:19:23 [main] INFO  [io.lettuce.core.KqueueProvider] - Starting without optional kqueue library
2019-07-06 21:19:31 [Thread-2] INFO  [org.springframework.scheduling.concurrent.ThreadPoolTaskScheduler] - Shutting down ExecutorService 'taskScheduler'
2019-07-06 21:19:31 [Thread-2] INFO  [org.springframework.scheduling.concurrent.ThreadPoolTaskExecutor] - Shutting down ExecutorService 'applicationTaskExecutor'
